=== doc_id=1 idx=0 seed=110 ===

packedN=137 max_depth(H)=4
#leaves=59  plus=33 minus=26  (sign_dump=YES)

葉(左→右): name, id(packed), vocab_id, x, depth, sign, mass
      v50  (id=  0)  vid=    50  x=   0  depth= 3  sign=+  mass=0.029412
     v647  (id= 96)  vid=   647  x=   1  depth= 4  sign=-  mass=0.038462
    v9703  (id=116)  vid=  9703  x=   2  depth= 3  sign=-  mass=0.038462
     v128  (id=  4)  vid=   128  x=   5  depth= 3  sign=+  mass=0.029412
    v1563  (id= 32)  vid=  1563  x=   6  depth= 3  sign=+  mass=0.029412
   v13444  (id=125)  vid= 13444  x=   7  depth= 2  sign=-  mass=0.038462
     v169  (id=  7)  vid=   169  x=  17  depth= 4  sign=-  mass=0.009050
     v234  (id= 14)  vid=   234  x=  18  depth= 3  sign=+  mass=0.029412
     v595  (id= 19)  vid=   595  x=  19  depth= 4  sign=+  mass=0.029412
    v1510  (id= 30)  vid=  1510  x=  20  depth= 3  sign=+  mass=0.029412
    v1813  (id= 34)  vid=  1813  x=  21  depth= 3  sign=+  mass=0.029412
    v2926  (id= 50)  vid=  2926  x=  22  depth= 3  sign=+  mass=0.029412
    v3164  (id= 52)  vid=  3164  x=  23  depth= 2  sign=+  mass=0.029412
   v13710  (id= 69)  vid= 13710  x=  24  depth= 3  sign=+  mass=0.029412
   v30627  (id= 74)  vid= 30627  x=  25  depth= 3  sign=+  mass=0.029412
    v2590  (id=108)  vid=  2590  x=  26  depth= 3  sign=-  mass=0.038462
     v196  (id= 11)  vid=   196  x=  36  depth= 3  sign=+  mass=0.029412
     v440  (id= 92)  vid=   440  x=  37  depth= 3  sign=-  mass=0.038462
     v331  (id= 16)  vid=   331  x=  39  depth= 3  sign=+  mass=0.029412
     v691  (id= 22)  vid=   691  x=  40  depth= 2  sign=+  mass=0.029412
    v1239  (id= 24)  vid=  1239  x=  41  depth= 3  sign=+  mass=0.029412
    v1275  (id= 27)  vid=  1275  x=  43  depth= 3  sign=+  mass=0.029412
   v13338  (id=121)  vid= 13338  x=  44  depth= 3  sign=-  mass=0.038462
    v1930  (id= 36)  vid=  1930  x=  53  depth= 3  sign=+  mass=0.029412
   v16035  (id= 71)  vid= 16035  x=  54  depth= 4  sign=+  mass=0.029412
     v214  (id= 84)  vid=   214  x=  55  depth= 3  sign=-  mass=0.038462
     v621  (id= 94)  vid=   621  x=  56  depth= 3  sign=-  mass=0.038462
     v658  (id= 99)  vid=   658  x=  57  depth= 3  sign=-  mass=0.038462
   v13351  (id=123)  vid= 13351  x=  58  depth= 3  sign=-  mass=0.038462
   v33198  (id=129)  vid= 33198  x=  59  depth= 3  sign=-  mass=0.038462
   v41395  (id=131)  vid= 41395  x=  60  depth= 3  sign=-  mass=0.038462
  v297001  (id=135)  vid=297001  x=  61  depth= 3  sign=-  mass=0.038462
    v2047  (id= 39)  vid=  2047  x=  70  depth= 3  sign=+  mass=0.029412
    v2755  (id= 48)  vid=  2755  x=  71  depth= 3  sign=+  mass=0.029412
    v6267  (id= 56)  vid=  6267  x=  72  depth= 3  sign=+  mass=0.029412
    v6341  (id=115)  vid=  6341  x=  73  depth= 2  sign=-  mass=0.038462
    v2379  (id= 42)  vid=  2379  x=  77  depth= 2  sign=+  mass=0.029412
    v2511  (id= 44)  vid=  2511  x=  78  depth= 2  sign=+  mass=0.029412
    v2654  (id= 46)  vid=  2654  x=  79  depth= 2  sign=+  mass=0.029412
    v3165  (id= 53)  vid=  3165  x=  80  depth= 3  sign=+  mass=0.029412
    v6524  (id= 58)  vid=  6524  x=  81  depth= 2  sign=+  mass=0.029412
    v6827  (id= 60)  vid=  6827  x=  82  depth= 2  sign=+  mass=0.029412
    v8392  (id= 62)  vid=  8392  x=  84  depth= 2  sign=+  mass=0.029412
  v121999  (id= 79)  vid=121999  x=  85  depth= 3  sign=+  mass=0.029412
   v11987  (id= 64)  vid= 11987  x=  87  depth= 2  sign=+  mass=0.029412
   v12268  (id= 66)  vid= 12268  x=  88  depth= 3  sign=+  mass=0.029412
   v45109  (id= 76)  vid= 45109  x=  90  depth= 3  sign=+  mass=0.029412
     v273  (id= 86)  vid=   273  x=  91  depth= 2  sign=-  mass=0.038462
  v195829  (id= 81)  vid=195829  x=  93  depth= 3  sign=+  mass=0.029412
     v278  (id= 87)  vid=   278  x=  94  depth= 3  sign=-  mass=0.038462
     v301  (id= 90)  vid=   301  x=  95  depth= 2  sign=-  mass=0.038462
    v1167  (id=101)  vid=  1167  x=  96  depth= 2  sign=-  mass=0.038462
    v2381  (id=103)  vid=  2381  x=  97  depth= 2  sign=-  mass=0.038462
    v2424  (id=105)  vid=  2424  x=  99  depth= 3  sign=-  mass=0.038462
    v2804  (id=113)  vid=  2804  x= 100  depth= 3  sign=-  mass=0.038462
    v2800  (id=110)  vid=  2800  x= 102  depth= 3  sign=-  mass=0.038462
   v45126  (id=133)  vid= 45126  x= 103  depth= 3  sign=-  mass=0.038462
   v10576  (id=118)  vid= 10576  x= 105  depth= 3  sign=-  mass=0.038462
   v19203  (id=126)  vid= 19203  x= 106  depth= 3  sign=-  mass=0.038462
