[load_vocabulary] called with seed=110
[flowtree_rank] ran for docs=[0] -> dump=/mnt/c/Users/成見/0905_work/tmp_real_dump/adj_dump_real_110.txt
=== doc_id=0 idx=0 dump_seed=110 packedN=174 H=4 ===
[split sign] plus=34 minus=41  (sign_dump=YES)
=== + -> -  scan NN ===
 u_id  u_x   ->   v_id  v_x   d1
    50    0            79    1    1
   128   11          8695   13    2
  1563   12          8695   13    1
   169   30           977   34    4
   234   31           977   34    3
   595   33           977   34    1
  1510   36           977   34    2
  1813   37           977   34    3
  2926   38           977   34    4
  3164   39           219   42    3
 13710   40           219   42    2
 30627   41           219   42    1
   196   63           246   64    1
   331   68          1689   65    3
   691   69          1689   65    4
  1239   70          1689   65    5
  1275   71          1689   65    6
  1930   75           578   77    2
 16035   76           578   77    1
  2047   84           117   87    3
  2755   85           117   87    2
  6267   86           117   87    1
  2379   95          4597   89    6
  2511   96          4597   89    7
  2654   97          4597   89    8
  3165   98          4597   89    9
  6524   99           747  108    9
  6827  100           747  108    8
  8392  102           747  108    6
121999  103           747  108    5
 11987  105           747  108    3
 12268  107           747  108    1
 45109  110           747  108    2
195829  111            43  113    2

[check +->-] OK

[done]
