[load_vocabulary] called with seed=111
[flowtree_rank] ran for docs=[0] -> dump=/mnt/c/Users/成見/0905_work/tmp_real_dump/adj_dump_real_111.txt
=== doc_id=0 idx=0 dump_seed=111 packedN=159 H=4 ===
[split sign] plus=34 minus=41  (sign_dump=YES)
=== + -> -  scan NN ===
 u_id  u_x   ->   v_id  v_x   d1
    50    0           246    2    2
195829    1           246    2    1
   128    5           246    2    3
  1563    6           246    2    4
   169   27            79   38   11
   196   28            79   38   10
   595   29            79   38    9
  1275   30            79   38    8
  1813   31            79   38    7
  2511   32            79   38    6
  2926   33            79   38    5
  3165   34            79   38    4
  6267   35            79   38    3
 11987   36            79   38    2
 13710   37            79   38    1
   234   68           894   79   11
   331   69           894   79   10
  2047   70           894   79    9
   691   73           894   79    6
  1239   74           894   79    5
  1510   75           894   79    4
  1930   78           894   79    1
  2379   83          2093   80    3
  2654   87            43   89    2
 30627   88            43   89    1
  2755   94          4597   90    4
  3164   95         91571   98    3
  6524   97         91571   98    1
  6827  100         91571   98    2
  8392  101         91571   98    3
 12268  102         91571   98    4
 16035  103           219  107    4
 45109  104           219  107    3
121999  105           219  107    2

[check +->-] OK

[done]
