[load_vocabulary] called with seed=110
[flowtree_rank] ran for docs=[1] -> dump=/mnt/c/Users/成見/0905_work/tmp_real_dump/dump_q0_d1_seed110.txt
=== doc_id=1 idx=0 dump_seed=110 packedN=137 H=4 ===
[split sign] plus=33 minus=26  (sign_dump=YES)
=== + -> -  scan NN ===
 u_id  u_x   ->   v_id  v_x   d1
    50    0           647    1    1
   128    5         13444    7    2
  1563    6         13444    7    1
   234   18           169   17    1
   595   19           169   17    2
  1510   20           169   17    3
  1813   21           169   17    4
  2926   22          2590   26    4
  3164   23          2590   26    3
 13710   24          2590   26    2
 30627   25          2590   26    1
   196   36           440   37    1
   331   39           440   37    2
   691   40           440   37    3
  1239   41         13338   44    3
  1275   43         13338   44    1
  1930   53           214   55    2
 16035   54           214   55    1
  2047   70          6341   73    3
  2755   71          6341   73    2
  6267   72          6341   73    1
  2379   77          6341   73    4
  2511   78          6341   73    5
  2654   79          6341   73    6
  3165   80          6341   73    7
  6524   81          6341   73    8
  6827   82          6341   73    9
  8392   84           273   91    7
121999   85           273   91    6
 11987   87           273   91    4
 12268   88           273   91    3
 45109   90           273   91    1
195829   93           278   94    1

[check +->-] OK

[done]
