[load_vocabulary] called with seed=111
[flowtree_rank] ran for docs=[1] -> dump=/mnt/c/Users/成見/0905_work/tmp_real_dump/dump_q0_d1_seed111.txt
=== doc_id=1 idx=0 dump_seed=111 packedN=124 H=4 ===
[split sign] plus=33 minus=26  (sign_dump=YES)
=== + -> -  scan NN ===
 u_id  u_x   ->   v_id  v_x   d1
    50    0           278    2    2
195829    1           278    2    1
   128    7         19203    3    4
  1563    8         19203    3    5
   196   23           169   22    1
   595   24           169   22    2
  1275   25           169   22    3
  1813   26           169   22    4
  2511   27           169   22    5
  2926   28           273   33    5
  3165   29           273   33    4
  6267   30           273   33    3
 11987   31           273   33    2
 13710   32           273   33    1
   234   49           621   59   10
   331   50           621   59    9
  2047   51           621   59    8
   691   54           621   59    5
  1239   58           621   59    1
  1510   65          2800   68    3
  1930   67          2800   68    1
  2379   70          2800   68    2
  2654   73          2590   75    2
 30627   74          2590   75    1
  2755   78          2590   75    3
  3164   79           658   82    3
  6524   81           658   82    1
  6827   84           658   82    2
  8392   85           658   82    3
 12268   86           658   82    4
 16035   87           214   90    3
 45109   88           214   90    2
121999   89           214   90    1

[check +->-] OK

[done]
